<?xml version="1.0" encoding="UTF-8"?>
<testsuite xmlns:xsi="http://www.w3.org/2001/XMLSchema-instance" xsi:noNamespaceSchemaLocation="https://maven.apache.org/surefire/maven-surefire-plugin/xsd/surefire-test-report-3.0.xsd" version="3.0" name="testRunner.TestRun" time="65.71" tests="0" errors="0" skipped="0" failures="0">
  <properties>
    <property name="sun.desktop" value="windows"/>
    <property name="awt.toolkit" value="sun.awt.windows.WToolkit"/>
    <property name="java.specification.version" value="11"/>
    <property name="sun.cpu.isalist" value="amd64"/>
    <property name="sun.jnu.encoding" value="Cp1252"/>
    <property name="java.class.path" value="D:\00_Germany\Payback\Tasks\PaybackAssignment_Debug\target\test-classes;D:\00_Germany\Payback\Tasks\PaybackAssignment_Debug\target\classes;C:\Users\Puligilla\.m2\repository\io\appium\java-client\7.6.0\java-client-7.6.0.jar;C:\Users\Puligilla\.m2\repository\org\seleniumhq\selenium\selenium-support\3.141.59\selenium-support-3.141.59.jar;C:\Users\Puligilla\.m2\repository\org\seleniumhq\selenium\selenium-api\3.141.59\selenium-api-3.141.59.jar;C:\Users\Puligilla\.m2\repository\com\google\code\gson\gson\2.8.8\gson-2.8.8.jar;C:\Users\Puligilla\.m2\repository\org\apache\httpcomponents\httpclient\4.5.13\httpclient-4.5.13.jar;C:\Users\Puligilla\.m2\repository\org\apache\httpcomponents\httpcore\4.4.13\httpcore-4.4.13.jar;C:\Users\Puligilla\.m2\repository\commons-logging\commons-logging\1.2\commons-logging-1.2.jar;C:\Users\Puligilla\.m2\repository\commons-codec\commons-codec\1.11\commons-codec-1.11.jar;C:\Users\Puligilla\.m2\repository\cglib\cglib\3.3.0\cglib-3.3.0.jar;C:\Users\Puligilla\.m2\repository\org\ow2\asm\asm\7.1\asm-7.1.jar;C:\Users\Puligilla\.m2\repository\commons-validator\commons-validator\1.7\commons-validator-1.7.jar;C:\Users\Puligilla\.m2\repository\commons-beanutils\commons-beanutils\1.9.4\commons-beanutils-1.9.4.jar;C:\Users\Puligilla\.m2\repository\commons-digester\commons-digester\2.1\commons-digester-2.1.jar;C:\Users\Puligilla\.m2\repository\org\apache\commons\commons-lang3\3.12.0\commons-lang3-3.12.0.jar;C:\Users\Puligilla\.m2\repository\commons-io\commons-io\2.11.0\commons-io-2.11.0.jar;C:\Users\Puligilla\.m2\repository\org\springframework\spring-context\5.3.10\spring-context-5.3.10.jar;C:\Users\Puligilla\.m2\repository\org\springframework\spring-aop\5.3.10\spring-aop-5.3.10.jar;C:\Users\Puligilla\.m2\repository\org\springframework\spring-beans\5.3.10\spring-beans-5.3.10.jar;C:\Users\Puligilla\.m2\repository\org\springframework\spring-core\5.3.10\spring-core-5.3.10.jar;C:\Users\Puligilla\.m2\repository\org\springframework\spring-jcl\5.3.10\spring-jcl-5.3.10.jar;C:\Users\Puligilla\.m2\repository\org\springframework\spring-expression\5.3.10\spring-expression-5.3.10.jar;C:\Users\Puligilla\.m2\repository\org\aspectj\aspectjweaver\1.9.7\aspectjweaver-1.9.7.jar;C:\Users\Puligilla\.m2\repository\org\slf4j\slf4j-api\1.7.32\slf4j-api-1.7.32.jar;C:\Users\Puligilla\.m2\repository\org\seleniumhq\selenium\selenium-java\3.141.59\selenium-java-3.141.59.jar;C:\Users\Puligilla\.m2\repository\org\seleniumhq\selenium\selenium-chrome-driver\3.141.59\selenium-chrome-driver-3.141.59.jar;C:\Users\Puligilla\.m2\repository\org\seleniumhq\selenium\selenium-edge-driver\3.141.59\selenium-edge-driver-3.141.59.jar;C:\Users\Puligilla\.m2\repository\org\seleniumhq\selenium\selenium-firefox-driver\3.141.59\selenium-firefox-driver-3.141.59.jar;C:\Users\Puligilla\.m2\repository\org\seleniumhq\selenium\selenium-ie-driver\3.141.59\selenium-ie-driver-3.141.59.jar;C:\Users\Puligilla\.m2\repository\org\seleniumhq\selenium\selenium-opera-driver\3.141.59\selenium-opera-driver-3.141.59.jar;C:\Users\Puligilla\.m2\repository\org\seleniumhq\selenium\selenium-remote-driver\3.141.59\selenium-remote-driver-3.141.59.jar;C:\Users\Puligilla\.m2\repository\org\seleniumhq\selenium\selenium-safari-driver\3.141.59\selenium-safari-driver-3.141.59.jar;C:\Users\Puligilla\.m2\repository\net\bytebuddy\byte-buddy\1.8.15\byte-buddy-1.8.15.jar;C:\Users\Puligilla\.m2\repository\org\apache\commons\commons-exec\1.3\commons-exec-1.3.jar;C:\Users\Puligilla\.m2\repository\com\google\guava\guava\25.0-jre\guava-25.0-jre.jar;C:\Users\Puligilla\.m2\repository\com\google\code\findbugs\jsr305\1.3.9\jsr305-1.3.9.jar;C:\Users\Puligilla\.m2\repository\org\checkerframework\checker-compat-qual\2.0.0\checker-compat-qual-2.0.0.jar;C:\Users\Puligilla\.m2\repository\com\google\errorprone\error_prone_annotations\2.1.3\error_prone_annotations-2.1.3.jar;C:\Users\Puligilla\.m2\repository\com\google\j2objc\j2objc-annotations\1.1\j2objc-annotations-1.1.jar;C:\Users\Puligilla\.m2\repository\org\codehaus\mojo\animal-sniffer-annotations\1.14\animal-sniffer-annotations-1.14.jar;C:\Users\Puligilla\.m2\repository\com\squareup\okhttp3\okhttp\3.11.0\okhttp-3.11.0.jar;C:\Users\Puligilla\.m2\repository\com\squareup\okio\okio\1.14.0\okio-1.14.0.jar;C:\Users\Puligilla\.m2\repository\org\testng\testng\7.3.0\testng-7.3.0.jar;C:\Users\Puligilla\.m2\repository\com\beust\jcommander\1.78\jcommander-1.78.jar;C:\Users\Puligilla\.m2\repository\org\apache\ant\ant\1.10.3\ant-1.10.3.jar;C:\Users\Puligilla\.m2\repository\org\apache\ant\ant-launcher\1.10.3\ant-launcher-1.10.3.jar;C:\Users\Puligilla\.m2\repository\junit\junit\4.12\junit-4.12.jar;C:\Users\Puligilla\.m2\repository\org\hamcrest\hamcrest-core\1.3\hamcrest-core-1.3.jar;C:\Users\Puligilla\.m2\repository\com\google\inject\guice\4.2.2\guice-4.2.2-no_aop.jar;C:\Users\Puligilla\.m2\repository\javax\inject\javax.inject\1\javax.inject-1.jar;C:\Users\Puligilla\.m2\repository\aopalliance\aopalliance\1.0\aopalliance-1.0.jar;C:\Users\Puligilla\.m2\repository\org\yaml\snakeyaml\1.21\snakeyaml-1.21.jar;C:\Users\Puligilla\.m2\repository\com\googlecode\json-simple\json-simple\1.1.1\json-simple-1.1.1.jar;C:\Users\Puligilla\.m2\repository\io\cucumber\cucumber-core\7.3.3\cucumber-core-7.3.3.jar;C:\Users\Puligilla\.m2\repository\io\cucumber\cucumber-gherkin\7.3.3\cucumber-gherkin-7.3.3.jar;C:\Users\Puligilla\.m2\repository\io\cucumber\cucumber-gherkin-messages\7.3.3\cucumber-gherkin-messages-7.3.3.jar;C:\Users\Puligilla\.m2\repository\io\cucumber\gherkin\23.0.1\gherkin-23.0.1.jar;C:\Users\Puligilla\.m2\repository\io\cucumber\messages\18.0.0\messages-18.0.0.jar;C:\Users\Puligilla\.m2\repository\io\cucumber\tag-expressions\4.1.0\tag-expressions-4.1.0.jar;C:\Users\Puligilla\.m2\repository\io\cucumber\cucumber-expressions\15.1.1\cucumber-expressions-15.1.1.jar;C:\Users\Puligilla\.m2\repository\io\cucumber\datatable\7.3.3\datatable-7.3.3.jar;C:\Users\Puligilla\.m2\repository\io\cucumber\cucumber-plugin\7.3.3\cucumber-plugin-7.3.3.jar;C:\Users\Puligilla\.m2\repository\io\cucumber\docstring\7.3.3\docstring-7.3.3.jar;C:\Users\Puligilla\.m2\repository\io\cucumber\html-formatter\19.1.0\html-formatter-19.1.0.jar;C:\Users\Puligilla\.m2\repository\io\cucumber\ci-environment\9.0.4\ci-environment-9.0.4.jar;C:\Users\Puligilla\.m2\repository\org\apiguardian\apiguardian-api\1.1.2\apiguardian-api-1.1.2.jar;C:\Users\Puligilla\.m2\repository\io\cucumber\cucumber-java\7.3.3\cucumber-java-7.3.3.jar;C:\Users\Puligilla\.m2\repository\io\cucumber\cucumber-jvm-deps\1.0.6\cucumber-jvm-deps-1.0.6.jar;C:\Users\Puligilla\.m2\repository\io\cucumber\cucumber-junit\7.3.3\cucumber-junit-7.3.3.jar;C:\Users\Puligilla\.m2\repository\net\masterthought\cucumber-reporting\5.7.0\cucumber-reporting-5.7.0.jar;C:\Users\Puligilla\.m2\repository\com\fasterxml\jackson\core\jackson-databind\2.13.0\jackson-databind-2.13.0.jar;C:\Users\Puligilla\.m2\repository\com\fasterxml\jackson\core\jackson-annotations\2.13.0\jackson-annotations-2.13.0.jar;C:\Users\Puligilla\.m2\repository\com\fasterxml\jackson\core\jackson-core\2.13.0\jackson-core-2.13.0.jar;C:\Users\Puligilla\.m2\repository\com\fasterxml\jackson\datatype\jackson-datatype-jsr310\2.13.0\jackson-datatype-jsr310-2.13.0.jar;C:\Users\Puligilla\.m2\repository\org\apache\velocity\velocity-engine-core\2.3\velocity-engine-core-2.3.jar;C:\Users\Puligilla\.m2\repository\commons-collections\commons-collections\3.2.2\commons-collections-3.2.2.jar;C:\Users\Puligilla\.m2\repository\joda-time\joda-time\2.10.10\joda-time-2.10.10.jar;C:\Users\Puligilla\.m2\repository\org\codehaus\plexus\plexus-utils\3.3.0\plexus-utils-3.3.0.jar;C:\Users\Puligilla\.m2\repository\org\jsoup\jsoup\1.14.2\jsoup-1.14.2.jar;C:\Users\Puligilla\.m2\repository\com\googlecode\owasp-java-html-sanitizer\owasp-java-html-sanitizer\20211018.2\owasp-java-html-sanitizer-20211018.2.jar;C:\Users\Puligilla\.m2\repository\commons-configuration\commons-configuration\1.10\commons-configuration-1.10.jar;C:\Users\Puligilla\.m2\repository\commons-lang\commons-lang\2.6\commons-lang-2.6.jar;"/>
    <property name="java.vm.vendor" value="Oracle Corporation"/>
    <property name="sun.arch.data.model" value="64"/>
    <property name="user.variant" value=""/>
    <property name="java.vendor.url" value="https://openjdk.java.net/"/>
    <property name="user.timezone" value="Asia/Calcutta"/>
    <property name="java.vm.specification.version" value="11"/>
    <property name="os.name" value="Windows 10"/>
    <property name="sun.java.launcher" value="SUN_STANDARD"/>
    <property name="user.country" value="IN"/>
    <property name="sun.boot.library.path" value="C:\Program Files\Java\jdk-11.0.14\bin"/>
    <property name="sun.java.command" value="C:\Users\Puligilla\AppData\Local\Temp\surefire13358749713725630101\surefirebooter6859795134512342130.jar C:\Users\Puligilla\AppData\Local\Temp\surefire13358749713725630101 2022-05-09T07-25-01_642-jvmRun1 surefire13087547708890053976tmp surefire_011055853842745514134tmp"/>
    <property name="jdk.debug" value="release"/>
    <property name="surefire.test.class.path" value="D:\00_Germany\Payback\Tasks\PaybackAssignment_Debug\target\test-classes;D:\00_Germany\Payback\Tasks\PaybackAssignment_Debug\target\classes;C:\Users\Puligilla\.m2\repository\io\appium\java-client\7.6.0\java-client-7.6.0.jar;C:\Users\Puligilla\.m2\repository\org\seleniumhq\selenium\selenium-support\3.141.59\selenium-support-3.141.59.jar;C:\Users\Puligilla\.m2\repository\org\seleniumhq\selenium\selenium-api\3.141.59\selenium-api-3.141.59.jar;C:\Users\Puligilla\.m2\repository\com\google\code\gson\gson\2.8.8\gson-2.8.8.jar;C:\Users\Puligilla\.m2\repository\org\apache\httpcomponents\httpclient\4.5.13\httpclient-4.5.13.jar;C:\Users\Puligilla\.m2\repository\org\apache\httpcomponents\httpcore\4.4.13\httpcore-4.4.13.jar;C:\Users\Puligilla\.m2\repository\commons-logging\commons-logging\1.2\commons-logging-1.2.jar;C:\Users\Puligilla\.m2\repository\commons-codec\commons-codec\1.11\commons-codec-1.11.jar;C:\Users\Puligilla\.m2\repository\cglib\cglib\3.3.0\cglib-3.3.0.jar;C:\Users\Puligilla\.m2\repository\org\ow2\asm\asm\7.1\asm-7.1.jar;C:\Users\Puligilla\.m2\repository\commons-validator\commons-validator\1.7\commons-validator-1.7.jar;C:\Users\Puligilla\.m2\repository\commons-beanutils\commons-beanutils\1.9.4\commons-beanutils-1.9.4.jar;C:\Users\Puligilla\.m2\repository\commons-digester\commons-digester\2.1\commons-digester-2.1.jar;C:\Users\Puligilla\.m2\repository\org\apache\commons\commons-lang3\3.12.0\commons-lang3-3.12.0.jar;C:\Users\Puligilla\.m2\repository\commons-io\commons-io\2.11.0\commons-io-2.11.0.jar;C:\Users\Puligilla\.m2\repository\org\springframework\spring-context\5.3.10\spring-context-5.3.10.jar;C:\Users\Puligilla\.m2\repository\org\springframework\spring-aop\5.3.10\spring-aop-5.3.10.jar;C:\Users\Puligilla\.m2\repository\org\springframework\spring-beans\5.3.10\spring-beans-5.3.10.jar;C:\Users\Puligilla\.m2\repository\org\springframework\spring-core\5.3.10\spring-core-5.3.10.jar;C:\Users\Puligilla\.m2\repository\org\springframework\spring-jcl\5.3.10\spring-jcl-5.3.10.jar;C:\Users\Puligilla\.m2\repository\org\springframework\spring-expression\5.3.10\spring-expression-5.3.10.jar;C:\Users\Puligilla\.m2\repository\org\aspectj\aspectjweaver\1.9.7\aspectjweaver-1.9.7.jar;C:\Users\Puligilla\.m2\repository\org\slf4j\slf4j-api\1.7.32\slf4j-api-1.7.32.jar;C:\Users\Puligilla\.m2\repository\org\seleniumhq\selenium\selenium-java\3.141.59\selenium-java-3.141.59.jar;C:\Users\Puligilla\.m2\repository\org\seleniumhq\selenium\selenium-chrome-driver\3.141.59\selenium-chrome-driver-3.141.59.jar;C:\Users\Puligilla\.m2\repository\org\seleniumhq\selenium\selenium-edge-driver\3.141.59\selenium-edge-driver-3.141.59.jar;C:\Users\Puligilla\.m2\repository\org\seleniumhq\selenium\selenium-firefox-driver\3.141.59\selenium-firefox-driver-3.141.59.jar;C:\Users\Puligilla\.m2\repository\org\seleniumhq\selenium\selenium-ie-driver\3.141.59\selenium-ie-driver-3.141.59.jar;C:\Users\Puligilla\.m2\repository\org\seleniumhq\selenium\selenium-opera-driver\3.141.59\selenium-opera-driver-3.141.59.jar;C:\Users\Puligilla\.m2\repository\org\seleniumhq\selenium\selenium-remote-driver\3.141.59\selenium-remote-driver-3.141.59.jar;C:\Users\Puligilla\.m2\repository\org\seleniumhq\selenium\selenium-safari-driver\3.141.59\selenium-safari-driver-3.141.59.jar;C:\Users\Puligilla\.m2\repository\net\bytebuddy\byte-buddy\1.8.15\byte-buddy-1.8.15.jar;C:\Users\Puligilla\.m2\repository\org\apache\commons\commons-exec\1.3\commons-exec-1.3.jar;C:\Users\Puligilla\.m2\repository\com\google\guava\guava\25.0-jre\guava-25.0-jre.jar;C:\Users\Puligilla\.m2\repository\com\google\code\findbugs\jsr305\1.3.9\jsr305-1.3.9.jar;C:\Users\Puligilla\.m2\repository\org\checkerframework\checker-compat-qual\2.0.0\checker-compat-qual-2.0.0.jar;C:\Users\Puligilla\.m2\repository\com\google\errorprone\error_prone_annotations\2.1.3\error_prone_annotations-2.1.3.jar;C:\Users\Puligilla\.m2\repository\com\google\j2objc\j2objc-annotations\1.1\j2objc-annotations-1.1.jar;C:\Users\Puligilla\.m2\repository\org\codehaus\mojo\animal-sniffer-annotations\1.14\animal-sniffer-annotations-1.14.jar;C:\Users\Puligilla\.m2\repository\com\squareup\okhttp3\okhttp\3.11.0\okhttp-3.11.0.jar;C:\Users\Puligilla\.m2\repository\com\squareup\okio\okio\1.14.0\okio-1.14.0.jar;C:\Users\Puligilla\.m2\repository\org\testng\testng\7.3.0\testng-7.3.0.jar;C:\Users\Puligilla\.m2\repository\com\beust\jcommander\1.78\jcommander-1.78.jar;C:\Users\Puligilla\.m2\repository\org\apache\ant\ant\1.10.3\ant-1.10.3.jar;C:\Users\Puligilla\.m2\repository\org\apache\ant\ant-launcher\1.10.3\ant-launcher-1.10.3.jar;C:\Users\Puligilla\.m2\repository\junit\junit\4.12\junit-4.12.jar;C:\Users\Puligilla\.m2\repository\org\hamcrest\hamcrest-core\1.3\hamcrest-core-1.3.jar;C:\Users\Puligilla\.m2\repository\com\google\inject\guice\4.2.2\guice-4.2.2-no_aop.jar;C:\Users\Puligilla\.m2\repository\javax\inject\javax.inject\1\javax.inject-1.jar;C:\Users\Puligilla\.m2\repository\aopalliance\aopalliance\1.0\aopalliance-1.0.jar;C:\Users\Puligilla\.m2\repository\org\yaml\snakeyaml\1.21\snakeyaml-1.21.jar;C:\Users\Puligilla\.m2\repository\com\googlecode\json-simple\json-simple\1.1.1\json-simple-1.1.1.jar;C:\Users\Puligilla\.m2\repository\io\cucumber\cucumber-core\7.3.3\cucumber-core-7.3.3.jar;C:\Users\Puligilla\.m2\repository\io\cucumber\cucumber-gherkin\7.3.3\cucumber-gherkin-7.3.3.jar;C:\Users\Puligilla\.m2\repository\io\cucumber\cucumber-gherkin-messages\7.3.3\cucumber-gherkin-messages-7.3.3.jar;C:\Users\Puligilla\.m2\repository\io\cucumber\gherkin\23.0.1\gherkin-23.0.1.jar;C:\Users\Puligilla\.m2\repository\io\cucumber\messages\18.0.0\messages-18.0.0.jar;C:\Users\Puligilla\.m2\repository\io\cucumber\tag-expressions\4.1.0\tag-expressions-4.1.0.jar;C:\Users\Puligilla\.m2\repository\io\cucumber\cucumber-expressions\15.1.1\cucumber-expressions-15.1.1.jar;C:\Users\Puligilla\.m2\repository\io\cucumber\datatable\7.3.3\datatable-7.3.3.jar;C:\Users\Puligilla\.m2\repository\io\cucumber\cucumber-plugin\7.3.3\cucumber-plugin-7.3.3.jar;C:\Users\Puligilla\.m2\repository\io\cucumber\docstring\7.3.3\docstring-7.3.3.jar;C:\Users\Puligilla\.m2\repository\io\cucumber\html-formatter\19.1.0\html-formatter-19.1.0.jar;C:\Users\Puligilla\.m2\repository\io\cucumber\ci-environment\9.0.4\ci-environment-9.0.4.jar;C:\Users\Puligilla\.m2\repository\org\apiguardian\apiguardian-api\1.1.2\apiguardian-api-1.1.2.jar;C:\Users\Puligilla\.m2\repository\io\cucumber\cucumber-java\7.3.3\cucumber-java-7.3.3.jar;C:\Users\Puligilla\.m2\repository\io\cucumber\cucumber-jvm-deps\1.0.6\cucumber-jvm-deps-1.0.6.jar;C:\Users\Puligilla\.m2\repository\io\cucumber\cucumber-junit\7.3.3\cucumber-junit-7.3.3.jar;C:\Users\Puligilla\.m2\repository\net\masterthought\cucumber-reporting\5.7.0\cucumber-reporting-5.7.0.jar;C:\Users\Puligilla\.m2\repository\com\fasterxml\jackson\core\jackson-databind\2.13.0\jackson-databind-2.13.0.jar;C:\Users\Puligilla\.m2\repository\com\fasterxml\jackson\core\jackson-annotations\2.13.0\jackson-annotations-2.13.0.jar;C:\Users\Puligilla\.m2\repository\com\fasterxml\jackson\core\jackson-core\2.13.0\jackson-core-2.13.0.jar;C:\Users\Puligilla\.m2\repository\com\fasterxml\jackson\datatype\jackson-datatype-jsr310\2.13.0\jackson-datatype-jsr310-2.13.0.jar;C:\Users\Puligilla\.m2\repository\org\apache\velocity\velocity-engine-core\2.3\velocity-engine-core-2.3.jar;C:\Users\Puligilla\.m2\repository\commons-collections\commons-collections\3.2.2\commons-collections-3.2.2.jar;C:\Users\Puligilla\.m2\repository\joda-time\joda-time\2.10.10\joda-time-2.10.10.jar;C:\Users\Puligilla\.m2\repository\org\codehaus\plexus\plexus-utils\3.3.0\plexus-utils-3.3.0.jar;C:\Users\Puligilla\.m2\repository\org\jsoup\jsoup\1.14.2\jsoup-1.14.2.jar;C:\Users\Puligilla\.m2\repository\com\googlecode\owasp-java-html-sanitizer\owasp-java-html-sanitizer\20211018.2\owasp-java-html-sanitizer-20211018.2.jar;C:\Users\Puligilla\.m2\repository\commons-configuration\commons-configuration\1.10\commons-configuration-1.10.jar;C:\Users\Puligilla\.m2\repository\commons-lang\commons-lang\2.6\commons-lang-2.6.jar;"/>
    <property name="sun.cpu.endian" value="little"/>
    <property name="user.home" value="C:\Users\Puligilla"/>
    <property name="user.language" value="en"/>
    <property name="java.specification.vendor" value="Oracle Corporation"/>
    <property name="java.version.date" value="2022-01-18"/>
    <property name="java.home" value="C:\Program Files\Java\jdk-11.0.14"/>
    <property name="file.separator" value="\"/>
    <property name="basedir" value="D:\00_Germany\Payback\Tasks\PaybackAssignment_Debug"/>
    <property name="java.vm.compressedOopsMode" value="32-bit"/>
    <property name="line.separator" value="&#10;"/>
    <property name="java.specification.name" value="Java Platform API Specification"/>
    <property name="java.vm.specification.vendor" value="Oracle Corporation"/>
    <property name="java.awt.graphicsenv" value="sun.awt.Win32GraphicsEnvironment"/>
    <property name="surefire.real.class.path" value="C:\Users\Puligilla\AppData\Local\Temp\surefire13358749713725630101\surefirebooter6859795134512342130.jar"/>
    <property name="user.script" value=""/>
    <property name="sun.management.compiler" value="HotSpot 64-Bit Tiered Compilers"/>
    <property name="java.runtime.version" value="11.0.14+8-LTS-263"/>
    <property name="user.name" value="Puligilla"/>
    <property name="path.separator" value=";"/>
    <property name="os.version" value="10.0"/>
    <property name="java.runtime.name" value="Java(TM) SE Runtime Environment"/>
    <property name="file.encoding" value="Cp1252"/>
    <property name="java.vm.name" value="Java HotSpot(TM) 64-Bit Server VM"/>
    <property name="java.vendor.version" value="18.9"/>
    <property name="localRepository" value="C:\Users\Puligilla\.m2\repository"/>
    <property name="java.vendor.url.bug" value="https://bugreport.java.com/bugreport/"/>
    <property name="java.io.tmpdir" value="C:\Users\PULIGI~1\AppData\Local\Temp\"/>
    <property name="idea.version" value="2022.1"/>
    <property name="java.version" value="11.0.14"/>
    <property name="user.dir" value="D:\00_Germany\Payback\Tasks\PaybackAssignment_Debug"/>
    <property name="os.arch" value="amd64"/>
    <property name="java.vm.specification.name" value="Java Virtual Machine Specification"/>
    <property name="java.awt.printerjob" value="sun.awt.windows.WPrinterJob"/>
    <property name="sun.os.patch.level" value=""/>
    <property name="java.library.path" value="C:\Program Files\Java\jdk-11.0.14\bin;C:\WINDOWS\Sun\Java\bin;C:\WINDOWS\system32;C:\WINDOWS;C:\WINDOWS\system32;C:\WINDOWS;C:\WINDOWS\System32\Wbem;C:\WINDOWS\System32\WindowsPowerShell\v1.0\;C:\WINDOWS\System32\OpenSSH\;C:\Program Files (x86)\Smart Projects\IsoBuster;C:\Program Files (x86)\Qualcomm\QIKTool\1.0.90.2;C:\android-sdk\tools;C:\android-sdk\platform-tools;C:\android-sdk\build-tools;C:\Program Files\Java\jdk-11.0.14\bin;C:\cygwin64\bin;C:\Program Files\apache-maven-3.8.4-bin\apache-maven-3.8.4\bin;C:\Program Files\Git\cmd;C:\Program Files\nodejs\;C:\Users\Puligilla\AppData\Local\Programs\Python\Python39\Scripts\;C:\Users\Puligilla\AppData\Local\Programs\Python\Python39\;C:\Users\Puligilla\AppData\Local\Microsoft\WindowsApps;C:\Program Files\JetBrains\PyCharm 2020.2.3\bin;;C:\android-sdk\platform-tools;;C:\Users\Puligilla\AppData\Local\Programs\Microsoft VS Code\bin;C:\Program Files\JetBrains\IntelliJ IDEA Community Edition 2021.3.1\bin;;C:\Users\Puligilla\AppData\Roaming\npm;."/>
    <property name="java.vendor" value="Oracle Corporation"/>
    <property name="java.vm.info" value="mixed mode"/>
    <property name="java.vm.version" value="11.0.14+8-LTS-263"/>
    <property name="sun.io.unicode.encoding" value="UnicodeLittle"/>
    <property name="java.class.version" value="55.0"/>
  </properties>
</testsuite>